# JRE version: Java(TM) SE Runtime Environment (8.0_201-b09) (build 1.8.0_201-b09)
# Java VM: Java HotSpot(TM) 64-Bit Server VM (25.201-b09 mixed mode windows-amd64 compressed oops)
Heap:
 PSYoungGen      total 13824K, used 13017K [0x00000000d5e00000, 0x00000000d6e00000, 0x0000000100000000)
  eden space 11264K, 98% used [0x00000000d5e00000,0x00000000d68cc658,0x00000000d6900000)
  from space 2560K, 76% used [0x00000000d6b80000,0x00000000d6d6a020,0x00000000d6e00000)
  to   space 2560K, 2% used [0x00000000d6900000,0x00000000d6910000,0x00000000d6b80000)
 ParOldGen       total 89088K, used 52790K [0x0000000081a00000, 0x0000000087100000, 0x00000000d5e00000)
  object space 89088K, 59% used [0x0000000081a00000,0x0000000084d8d9f8,0x0000000087100000)
 Metaspace       used 37231K, capacity 37822K, committed 38132K, reserved 1083392K
  class space    used 4482K, capacity 4598K, committed 4608K, reserved 1048576K
GC Heap History (10 events):
Event: 1222.303 GC heap after
Heap after GC invocations=931 (full 5):
 PSYoungGen      total 13824K, used 1960K [0x00000000d5e00000, 0x00000000d6e00000, 0x0000000100000000)
  eden space 11264K, 0% used [0x00000000d5e00000,0x00000000d5e00000,0x00000000d6900000)
  from space 2560K, 76% used [0x00000000d6b80000,0x00000000d6d6a020,0x00000000d6e00000)
  to   space 2560K, 0% used [0x00000000d6900000,0x00000000d6900000,0x00000000d6b80000)
 ParOldGen       total 89088K, used 52758K [0x0000000081a00000, 0x0000000087100000, 0x00000000d5e00000)
  object space 89088K, 59% used [0x0000000081a00000,0x0000000084d859f8,0x0000000087100000)
 Metaspace       used 37231K, capacity 37822K, committed 38132K, reserved 1083392K
  class space    used 4482K, capacity 4598K, committed 4608K, reserved 1048576K
}
Event: 1222.971 GC heap before
{Heap before GC invocations=932 (full 5):
 PSYoungGen      total 13824K, used 13070K [0x00000000d5e00000, 0x00000000d6e00000, 0x0000000100000000)
  eden space 11264K, 98% used [0x00000000d5e00000,0x00000000d68d9820,0x00000000d6900000)
  from space 2560K, 76% used [0x00000000d6b80000,0x00000000d6d6a020,0x00000000d6e00000)
  to   space 2560K, 0% used [0x00000000d6900000,0x00000000d6900000,0x00000000d6b80000)
 ParOldGen       total 89088K, used 52758K [0x0000000081a00000, 0x0000000087100000, 0x00000000d5e00000)
  object space 89088K, 59% used [0x0000000081a00000,0x0000000084d859f8,0x0000000087100000)
 Metaspace       used 37231K, capacity 37822K, committed 38132K, reserved 1083392K
  class space    used 4482K, capacity 4598K, committed 4608K, reserved 1048576K
Event: 1222.973 GC heap after
Heap after GC invocations=932 (full 5):
 PSYoungGen      total 13824K, used 1960K [0x00000000d5e00000, 0x00000000d6e00000, 0x0000000100000000)
  eden space 11264K, 0% used [0x00000000d5e00000,0x00000000d5e00000,0x00000000d6900000)
  from space 2560K, 76% used [0x00000000d6900000,0x00000000d6aea020,0x00000000d6b80000)
  to   space 2560K, 0% used [0x00000000d6b80000,0x00000000d6b80000,0x00000000d6e00000)
 ParOldGen       total 89088K, used 52766K [0x0000000081a00000, 0x0000000087100000, 0x00000000d5e00000)
  object space 89088K, 59% used [0x0000000081a00000,0x0000000084d879f8,0x0000000087100000)
 Metaspace       used 37231K, capacity 37822K, committed 38132K, reserved 1083392K
  class space    used 4482K, capacity 4598K, committed 4608K, reserved 1048576K
}
Event: 1223.636 GC heap before
{Heap before GC invocations=933 (full 5):
 PSYoungGen      total 13824K, used 13021K [0x00000000d5e00000, 0x00000000d6e00000, 0x0000000100000000)
  eden space 11264K, 98% used [0x00000000d5e00000,0x00000000d68cd720,0x00000000d6900000)
  from space 2560K, 76% used [0x00000000d6900000,0x00000000d6aea020,0x00000000d6b80000)
  to   space 2560K, 0% used [0x00000000d6b80000,0x00000000d6b80000,0x00000000d6e00000)
 ParOldGen       total 89088K, used 52766K [0x0000000081a00000, 0x0000000087100000, 0x00000000d5e00000)
  object space 89088K, 59% used [0x0000000081a00000,0x0000000084d879f8,0x0000000087100000)
 Metaspace       used 37231K, capacity 37822K, committed 38132K, reserved 1083392K
  class space    used 4482K, capacity 4598K, committed 4608K, reserved 1048576K
Event: 1223.639 GC heap after
Heap after GC invocations=933 (full 5):
 PSYoungGen      total 13824K, used 1960K [0x00000000d5e00000, 0x00000000d6e00000, 0x0000000100000000)
  eden space 11264K, 0% used [0x00000000d5e00000,0x00000000d5e00000,0x00000000d6900000)
  from space 2560K, 76% used [0x00000000d6b80000,0x00000000d6d6a020,0x00000000d6e00000)
  to   space 2560K, 0% used [0x00000000d6900000,0x00000000d6900000,0x00000000d6b80000)
 ParOldGen       total 89088K, used 52774K [0x0000000081a00000, 0x0000000087100000, 0x00000000d5e00000)
  object space 89088K, 59% used [0x0000000081a00000,0x0000000084d899f8,0x0000000087100000)
 Metaspace       used 37231K, capacity 37822K, committed 38132K, reserved 1083392K
  class space    used 4482K, capacity 4598K, committed 4608K, reserved 1048576K
}
Event: 1224.303 GC heap before
{Heap before GC invocations=934 (full 5):
 PSYoungGen      total 13824K, used 13016K [0x00000000d5e00000, 0x00000000d6e00000, 0x0000000100000000)
  eden space 11264K, 98% used [0x00000000d5e00000,0x00000000d68cc0d0,0x00000000d6900000)
  from space 2560K, 76% used [0x00000000d6b80000,0x00000000d6d6a020,0x00000000d6e00000)
  to   space 2560K, 0% used [0x00000000d6900000,0x00000000d6900000,0x00000000d6b80000)
 ParOldGen       total 89088K, used 52774K [0x0000000081a00000, 0x0000000087100000, 0x00000000d5e00000)
  object space 89088K, 59% used [0x0000000081a00000,0x0000000084d899f8,0x0000000087100000)
 Metaspace       used 37231K, capacity 37822K, committed 38132K, reserved 1083392K
  class space    used 4482K, capacity 4598K, committed 4608K, reserved 1048576K
Event: 1224.306 GC heap after
Heap after GC invocations=934 (full 5):
 PSYoungGen      total 13824K, used 1960K [0x00000000d5e00000, 0x00000000d6e00000, 0x0000000100000000)
  eden space 11264K, 0% used [0x00000000d5e00000,0x00000000d5e00000,0x00000000d6900000)
  from space 2560K, 76% used [0x00000000d6900000,0x00000000d6aea020,0x00000000d6b80000)
  to   space 2560K, 0% used [0x00000000d6b80000,0x00000000d6b80000,0x00000000d6e00000)
 ParOldGen       total 89088K, used 52782K [0x0000000081a00000, 0x0000000087100000, 0x00000000d5e00000)
  object space 89088K, 59% used [0x0000000081a00000,0x0000000084d8b9f8,0x0000000087100000)
 Metaspace       used 37231K, capacity 37822K, committed 38132K, reserved 1083392K
  class space    used 4482K, capacity 4598K, committed 4608K, reserved 1048576K
}
Event: 1224.970 GC heap before
{Heap before GC invocations=935 (full 5):
 PSYoungGen      total 13824K, used 13015K [0x00000000d5e00000, 0x00000000d6e00000, 0x0000000100000000)
  eden space 11264K, 98% used [0x00000000d5e00000,0x00000000d68cbf98,0x00000000d6900000)
  from space 2560K, 76% used [0x00000000d6900000,0x00000000d6aea020,0x00000000d6b80000)
  to   space 2560K, 0% used [0x00000000d6b80000,0x00000000d6b80000,0x00000000d6e00000)
 ParOldGen       total 89088K, used 52782K [0x0000000081a00000, 0x0000000087100000, 0x00000000d5e00000)
  object space 89088K, 59% used [0x0000000081a00000,0x0000000084d8b9f8,0x0000000087100000)
 Metaspace       used 37231K, capacity 37822K, committed 38132K, reserved 1083392K
  class space    used 4482K, capacity 4598K, committed 4608K, reserved 1048576K
Event: 1224.972 GC heap after
Heap after GC invocations=935 (full 5):
 PSYoungGen      total 13824K, used 1960K [0x00000000d5e00000, 0x00000000d6e00000, 0x0000000100000000)
  eden space 11264K, 0% used [0x00000000d5e00000,0x00000000d5e00000,0x00000000d6900000)
  from space 2560K, 76% used [0x00000000d6b80000,0x00000000d6d6a020,0x00000000d6e00000)
  to   space 2560K, 0% used [0x00000000d6900000,0x00000000d6900000,0x00000000d6b80000)
 ParOldGen       total 89088K, used 52790K [0x0000000081a00000, 0x0000000087100000, 0x00000000d5e00000)
  object space 89088K, 59% used [0x0000000081a00000,0x0000000084d8d9f8,0x0000000087100000)
 Metaspace       used 37231K, capacity 37822K, committed 38132K, reserved 1083392K
  class space    used 4482K, capacity 4598K, committed 4608K, reserved 1048576K
}
Event: 1225.638 GC heap before
{Heap before GC invocations=936 (full 5):
 PSYoungGen      total 13824K, used 13017K [0x00000000d5e00000, 0x00000000d6e00000, 0x0000000100000000)
  eden space 11264K, 98% used [0x00000000d5e00000,0x00000000d68cc578,0x00000000d6900000)
  from space 2560K, 76% used [0x00000000d6b80000,0x00000000d6d6a020,0x00000000d6e00000)
  to   space 2560K, 0% used [0x00000000d6900000,0x00000000d6900000,0x00000000d6b80000)
 ParOldGen       total 89088K, used 52790K [0x0000000081a00000, 0x0000000087100000, 0x00000000d5e00000)
  object space 89088K, 59% used [0x0000000081a00000,0x0000000084d8d9f8,0x0000000087100000)
 Metaspace       used 37231K, capacity 37822K, committed 38132K, reserved 1083392K
  class space    used 4482K, capacity 4598K, committed 4608K, reserved 1048576K

